\BOOKMARK [0][-]{chapter*.2}{\376\377\000I\000n\000t\000r\000o\000d\000u\000c\000t\000i\000o\000n}{}% 1
\BOOKMARK [0][-]{chapter.1}{\376\377\000V\000e\000c\000t\000o\000r\000s}{}% 2
\BOOKMARK [1][-]{section.1.1}{\376\377\0002\0000\0002\0004}{chapter.1}% 3
\BOOKMARK [2][-]{subsection.1.1.1}{\376\377\0001\0002}{section.1.1}% 4
\BOOKMARK [0][-]{chapter.2}{\376\377\000L\000i\000n\000e\000a\000r\000\040\000F\000o\000r\000m\000s}{}% 5
\BOOKMARK [1][-]{section.2.1}{\376\377\0002\0000\0002\0004}{chapter.2}% 6
\BOOKMARK [2][-]{subsection.2.1.1}{\376\377\0001\0002}{section.2.1}% 7
\BOOKMARK [0][-]{chapter.3}{\376\377\000C\000i\000r\000c\000l\000e\000s}{}% 8
\BOOKMARK [1][-]{section.3.1}{\376\377\0002\0000\0002\0004}{chapter.3}% 9
\BOOKMARK [2][-]{subsection.3.1.1}{\376\377\0001\0002}{section.3.1}% 10
\BOOKMARK [1][-]{section.3.2}{\376\377\0002\0000\0002\0003}{chapter.3}% 11
\BOOKMARK [2][-]{subsection.3.2.1}{\376\377\0001\0000}{section.3.2}% 12
\BOOKMARK [0][-]{chapter.4}{\376\377\000I\000n\000t\000e\000r\000s\000e\000c\000t\000i\000o\000n\000\040\000o\000f\000\040\000C\000o\000n\000i\000c\000s}{}% 13
\BOOKMARK [0][-]{chapter.5}{\376\377\000P\000r\000o\000b\000a\000b\000i\000l\000i\000t\000y}{}% 14
\BOOKMARK [1][-]{section.5.1}{\376\377\0002\0000\0002\0004}{chapter.5}% 15
\BOOKMARK [2][-]{subsection.5.1.1}{\376\377\0001\0002}{section.5.1}% 16
\BOOKMARK [2][-]{subsection.5.1.2}{\376\377\0001\0000}{section.5.1}% 17
\BOOKMARK [1][-]{section.5.2}{\376\377\0002\0000\0002\0003}{chapter.5}% 18
\BOOKMARK [2][-]{subsection.5.2.1}{\376\377\0001\0000}{section.5.2}% 19
\BOOKMARK [1][-]{section.5.3}{\376\377\0002\0000\0000\0006}{chapter.5}% 20
\BOOKMARK [2][-]{subsection.5.3.1}{\376\377\0001\0000}{section.5.3}% 21
\BOOKMARK [0][-]{chapter.6}{\376\377\000C\000o\000n\000s\000t\000r\000u\000c\000t\000i\000o\000n}{}% 22
\BOOKMARK [0][-]{chapter.7}{\376\377\000O\000p\000t\000i\000m\000i\000z\000a\000t\000i\000o\000n}{}% 23
\BOOKMARK [1][-]{section.7.1}{\376\377\0002\0000\0002\0004}{chapter.7}% 24
\BOOKMARK [2][-]{subsection.7.1.1}{\376\377\0001\0002}{section.7.1}% 25
\BOOKMARK [0][-]{chapter.8}{\376\377\000A\000l\000g\000e\000b\000r\000a}{}% 26
\BOOKMARK [1][-]{section.8.1}{\376\377\0002\0000\0002\0004}{chapter.8}% 27
\BOOKMARK [2][-]{subsection.8.1.1}{\376\377\0001\0000}{section.8.1}% 28
\BOOKMARK [2][-]{subsection.8.1.2}{\376\377\0001\0002}{section.8.1}% 29
\BOOKMARK [1][-]{section.8.2}{\376\377\0002\0000\0002\0003}{chapter.8}% 30
\BOOKMARK [2][-]{subsection.8.2.1}{\376\377\0001\0000}{section.8.2}% 31
\BOOKMARK [1][-]{section.8.3}{\376\377\0002\0000\0000\0006}{chapter.8}% 32
\BOOKMARK [2][-]{subsection.8.3.1}{\376\377\0001\0000}{section.8.3}% 33
\BOOKMARK [0][-]{chapter.9}{\376\377\000G\000e\000o\000m\000e\000t\000r\000y}{}% 34
\BOOKMARK [1][-]{section.9.1}{\376\377\0002\0000\0002\0004}{chapter.9}% 35
\BOOKMARK [2][-]{subsection.9.1.1}{\376\377\0001\0000}{section.9.1}% 36
\BOOKMARK [2][-]{subsection.9.1.2}{\376\377\0001\0002}{section.9.1}% 37
\BOOKMARK [1][-]{section.9.2}{\376\377\0002\0000\0002\0003}{chapter.9}% 38
\BOOKMARK [2][-]{subsection.9.2.1}{\376\377\0001\0000}{section.9.2}% 39
\BOOKMARK [1][-]{section.9.3}{\376\377\0002\0000\0000\0006}{chapter.9}% 40
\BOOKMARK [2][-]{subsection.9.3.1}{\376\377\0001\0000}{section.9.3}% 41
\BOOKMARK [0][-]{chapter.10}{\376\377\000s\000e\000q\000u\000e\000n\000c\000e\000s}{}% 42
\BOOKMARK [1][-]{section.10.1}{\376\377\0002\0000\0000\0006}{chapter.10}% 43
\BOOKMARK [2][-]{subsection.10.1.1}{\376\377\0001\0000}{section.10.1}% 44
\BOOKMARK [0][-]{chapter.11}{\376\377\000D\000a\000t\000a\000h\000a\000n\000d\000l\000i\000n\000g}{}% 45
\BOOKMARK [1][-]{section.11.1}{\376\377\0002\0000\0000\0006}{chapter.11}% 46
\BOOKMARK [2][-]{subsection.11.1.1}{\376\377\0001\0000}{section.11.1}% 47
\BOOKMARK [0][-]{chapter.12}{\376\377\000D\000i\000s\000c\000r\000e\000t\000e}{}% 48
\BOOKMARK [1][-]{section.12.1}{\376\377\0002\0000\0002\0003}{chapter.12}% 49
\BOOKMARK [2][-]{subsection.12.1.1}{\376\377\0001\0000}{section.12.1}% 50
\BOOKMARK [0][-]{chapter.13}{\376\377\000N\000u\000m\000b\000e\000r\000\040\000S\000y\000s\000t\000e\000m\000s}{}% 51
\BOOKMARK [1][-]{section.13.1}{\376\377\0002\0000\0002\0004}{chapter.13}% 52
\BOOKMARK [2][-]{subsection.13.1.1}{\376\377\0001\0000}{section.13.1}% 53
\BOOKMARK [1][-]{section.13.2}{\376\377\0002\0000\0002\0003}{chapter.13}% 54
\BOOKMARK [2][-]{subsection.13.2.1}{\376\377\0001\0000}{section.13.2}% 55
\BOOKMARK [0][-]{chapter.14}{\376\377\000D\000i\000f\000f\000e\000r\000e\000n\000t\000i\000a\000t\000i\000o\000n}{}% 56
\BOOKMARK [1][-]{section.14.1}{\376\377\0002\0000\0002\0004}{chapter.14}% 57
\BOOKMARK [2][-]{subsection.14.1.1}{\376\377\0001\0002}{section.14.1}% 58
\BOOKMARK [0][-]{chapter.15}{\376\377\000I\000n\000t\000e\000g\000r\000a\000t\000i\000o\000n}{}% 59
\BOOKMARK [1][-]{section.15.1}{\376\377\0002\0000\0002\0004}{chapter.15}% 60
\BOOKMARK [2][-]{subsection.15.1.1}{\376\377\0001\0002}{section.15.1}% 61
\BOOKMARK [0][-]{chapter.16}{\376\377\000F\000u\000n\000c\000t\000i\000o\000n\000s}{}% 62
\BOOKMARK [1][-]{section.16.1}{\376\377\0002\0000\0002\0004}{chapter.16}% 63
\BOOKMARK [2][-]{subsection.16.1.1}{\376\377\0001\0002}{section.16.1}% 64
\BOOKMARK [0][-]{chapter.17}{\376\377\000M\000a\000t\000r\000i\000c\000e\000s}{}% 65
\BOOKMARK [1][-]{section.17.1}{\376\377\0002\0000\0002\0004}{chapter.17}% 66
\BOOKMARK [2][-]{subsection.17.1.1}{\376\377\0001\0002}{section.17.1}% 67
\BOOKMARK [0][-]{chapter.18}{\376\377\000T\000r\000i\000g\000n\000o\000m\000e\000t\000r\000y}{}% 68
\BOOKMARK [1][-]{section.18.1}{\376\377\0002\0000\0002\0004}{chapter.18}% 69
\BOOKMARK [2][-]{subsection.18.1.1}{\376\377\0001\0000}{section.18.1}% 70
\BOOKMARK [2][-]{subsection.18.1.2}{\376\377\0001\0002}{section.18.1}% 71
\BOOKMARK [1][-]{section.18.2}{\376\377\0002\0000\0002\0003}{chapter.18}% 72
\BOOKMARK [2][-]{subsection.18.2.1}{\376\377\0001\0000}{section.18.2}% 73
